<?xml version="1.0" encoding="UTF-8"?>
<testsuite xmlns:xsi="http://www.w3.org/2001/XMLSchema-instance" xsi:noNamespaceSchemaLocation="https://maven.apache.org/surefire/maven-surefire-plugin/xsd/surefire-test-report-3.0.xsd" version="3.0" name="runner.Runner" time="60.019" tests="0" errors="0" skipped="0" failures="0">
  <properties>
    <property name="java.specification.version" value="18"/>
    <property name="webdriver.chrome.driver" value="/Users/Pankaj/.cache/selenium/chromedriver/mac-x64/123.0.6312.122/chromedriver"/>
    <property name="sun.jnu.encoding" value="UTF-8"/>
    <property name="java.class.path" value="/Users/Pankaj/xtra/SeleniumWorkspace/Batch2SelCucTestNG_finalProjectImplementation/cucJUnitFrameWork/target/test-classes:/Users/Pankaj/xtra/SeleniumWorkspace/Batch2SelCucTestNG_finalProjectImplementation/cucJUnitFrameWork/target/classes:/Users/Pankaj/.m2/repository/junit/junit/4.13.2/junit-4.13.2.jar:/Users/Pankaj/.m2/repository/org/hamcrest/hamcrest-core/1.3/hamcrest-core-1.3.jar:/Users/Pankaj/.m2/repository/io/cucumber/cucumber-java/7.4.1/cucumber-java-7.4.1.jar:/Users/Pankaj/.m2/repository/io/cucumber/cucumber-core/7.4.1/cucumber-core-7.4.1.jar:/Users/Pankaj/.m2/repository/io/cucumber/cucumber-gherkin/7.4.1/cucumber-gherkin-7.4.1.jar:/Users/Pankaj/.m2/repository/io/cucumber/cucumber-gherkin-messages/7.4.1/cucumber-gherkin-messages-7.4.1.jar:/Users/Pankaj/.m2/repository/io/cucumber/gherkin/23.0.1/gherkin-23.0.1.jar:/Users/Pankaj/.m2/repository/io/cucumber/messages/18.0.0/messages-18.0.0.jar:/Users/Pankaj/.m2/repository/io/cucumber/tag-expressions/4.1.0/tag-expressions-4.1.0.jar:/Users/Pankaj/.m2/repository/io/cucumber/cucumber-expressions/16.0.0/cucumber-expressions-16.0.0.jar:/Users/Pankaj/.m2/repository/io/cucumber/datatable/7.4.1/datatable-7.4.1.jar:/Users/Pankaj/.m2/repository/io/cucumber/cucumber-plugin/7.4.1/cucumber-plugin-7.4.1.jar:/Users/Pankaj/.m2/repository/io/cucumber/docstring/7.4.1/docstring-7.4.1.jar:/Users/Pankaj/.m2/repository/io/cucumber/html-formatter/19.2.0/html-formatter-19.2.0.jar:/Users/Pankaj/.m2/repository/io/cucumber/ci-environment/9.0.4/ci-environment-9.0.4.jar:/Users/Pankaj/.m2/repository/org/apiguardian/apiguardian-api/1.1.2/apiguardian-api-1.1.2.jar:/Users/Pankaj/.m2/repository/info/cukes/cucumber-java/1.2.5/cucumber-java-1.2.5.jar:/Users/Pankaj/.m2/repository/info/cukes/cucumber-core/1.2.5/cucumber-core-1.2.5.jar:/Users/Pankaj/.m2/repository/info/cukes/cucumber-html/0.2.3/cucumber-html-0.2.3.jar:/Users/Pankaj/.m2/repository/info/cukes/cucumber-jvm-deps/1.0.5/cucumber-jvm-deps-1.0.5.jar:/Users/Pankaj/.m2/repository/io/cucumber/cucumber-junit/7.4.1/cucumber-junit-7.4.1.jar:/Users/Pankaj/.m2/repository/io/cucumber/cucumber-picocontainer/7.4.1/cucumber-picocontainer-7.4.1.jar:/Users/Pankaj/.m2/repository/org/picocontainer/picocontainer/2.15/picocontainer-2.15.jar:/Users/Pankaj/.m2/repository/org/seleniumhq/selenium/selenium-java/4.11.0/selenium-java-4.11.0.jar:/Users/Pankaj/.m2/repository/org/seleniumhq/selenium/selenium-api/4.11.0/selenium-api-4.11.0.jar:/Users/Pankaj/.m2/repository/org/seleniumhq/selenium/selenium-chrome-driver/4.11.0/selenium-chrome-driver-4.11.0.jar:/Users/Pankaj/.m2/repository/com/google/auto/service/auto-service-annotations/1.0.1/auto-service-annotations-1.0.1.jar:/Users/Pankaj/.m2/repository/com/google/guava/guava/31.1-jre/guava-31.1-jre.jar:/Users/Pankaj/.m2/repository/com/google/guava/failureaccess/1.0.1/failureaccess-1.0.1.jar:/Users/Pankaj/.m2/repository/com/google/guava/listenablefuture/9999.0-empty-to-avoid-conflict-with-guava/listenablefuture-9999.0-empty-to-avoid-conflict-with-guava.jar:/Users/Pankaj/.m2/repository/org/checkerframework/checker-qual/3.12.0/checker-qual-3.12.0.jar:/Users/Pankaj/.m2/repository/com/google/errorprone/error_prone_annotations/2.11.0/error_prone_annotations-2.11.0.jar:/Users/Pankaj/.m2/repository/com/google/j2objc/j2objc-annotations/1.3/j2objc-annotations-1.3.jar:/Users/Pankaj/.m2/repository/org/seleniumhq/selenium/selenium-chromium-driver/4.11.0/selenium-chromium-driver-4.11.0.jar:/Users/Pankaj/.m2/repository/org/seleniumhq/selenium/selenium-json/4.11.0/selenium-json-4.11.0.jar:/Users/Pankaj/.m2/repository/org/seleniumhq/selenium/selenium-manager/4.11.0/selenium-manager-4.11.0.jar:/Users/Pankaj/.m2/repository/org/seleniumhq/selenium/selenium-devtools-v113/4.11.0/selenium-devtools-v113-4.11.0.jar:/Users/Pankaj/.m2/repository/org/seleniumhq/selenium/selenium-devtools-v114/4.11.0/selenium-devtools-v114-4.11.0.jar:/Users/Pankaj/.m2/repository/org/seleniumhq/selenium/selenium-devtools-v115/4.11.0/selenium-devtools-v115-4.11.0.jar:/Users/Pankaj/.m2/repository/org/seleniumhq/selenium/selenium-devtools-v85/4.11.0/selenium-devtools-v85-4.11.0.jar:/Users/Pankaj/.m2/repository/org/seleniumhq/selenium/selenium-edge-driver/4.11.0/selenium-edge-driver-4.11.0.jar:/Users/Pankaj/.m2/repository/org/seleniumhq/selenium/selenium-firefox-driver/4.11.0/selenium-firefox-driver-4.11.0.jar:/Users/Pankaj/.m2/repository/org/seleniumhq/selenium/selenium-http/4.11.0/selenium-http-4.11.0.jar:/Users/Pankaj/.m2/repository/dev/failsafe/failsafe/3.3.1/failsafe-3.3.1.jar:/Users/Pankaj/.m2/repository/org/seleniumhq/selenium/selenium-ie-driver/4.11.0/selenium-ie-driver-4.11.0.jar:/Users/Pankaj/.m2/repository/org/seleniumhq/selenium/selenium-remote-driver/4.11.0/selenium-remote-driver-4.11.0.jar:/Users/Pankaj/.m2/repository/io/netty/netty-buffer/4.1.92.Final/netty-buffer-4.1.92.Final.jar:/Users/Pankaj/.m2/repository/io/netty/netty-codec-http/4.1.92.Final/netty-codec-http-4.1.92.Final.jar:/Users/Pankaj/.m2/repository/io/netty/netty-codec/4.1.92.Final/netty-codec-4.1.92.Final.jar:/Users/Pankaj/.m2/repository/io/netty/netty-handler/4.1.92.Final/netty-handler-4.1.92.Final.jar:/Users/Pankaj/.m2/repository/io/netty/netty-common/4.1.92.Final/netty-common-4.1.92.Final.jar:/Users/Pankaj/.m2/repository/io/netty/netty-transport-classes-epoll/4.1.92.Final/netty-transport-classes-epoll-4.1.92.Final.jar:/Users/Pankaj/.m2/repository/io/netty/netty-transport-classes-kqueue/4.1.92.Final/netty-transport-classes-kqueue-4.1.92.Final.jar:/Users/Pankaj/.m2/repository/io/netty/netty-transport-native-epoll/4.1.92.Final/netty-transport-native-epoll-4.1.92.Final.jar:/Users/Pankaj/.m2/repository/io/netty/netty-transport-native-kqueue/4.1.92.Final/netty-transport-native-kqueue-4.1.92.Final.jar:/Users/Pankaj/.m2/repository/io/netty/netty-transport-native-unix-common/4.1.92.Final/netty-transport-native-unix-common-4.1.92.Final.jar:/Users/Pankaj/.m2/repository/io/netty/netty-transport/4.1.92.Final/netty-transport-4.1.92.Final.jar:/Users/Pankaj/.m2/repository/io/netty/netty-resolver/4.1.92.Final/netty-resolver-4.1.92.Final.jar:/Users/Pankaj/.m2/repository/io/opentelemetry/opentelemetry-api/1.26.0/opentelemetry-api-1.26.0.jar:/Users/Pankaj/.m2/repository/io/opentelemetry/opentelemetry-context/1.26.0/opentelemetry-context-1.26.0.jar:/Users/Pankaj/.m2/repository/io/opentelemetry/opentelemetry-exporter-logging/1.26.0/opentelemetry-exporter-logging-1.26.0.jar:/Users/Pankaj/.m2/repository/io/opentelemetry/opentelemetry-sdk-metrics/1.26.0/opentelemetry-sdk-metrics-1.26.0.jar:/Users/Pankaj/.m2/repository/io/opentelemetry/opentelemetry-extension-incubator/1.26.0-alpha/opentelemetry-extension-incubator-1.26.0-alpha.jar:/Users/Pankaj/.m2/repository/io/opentelemetry/opentelemetry-sdk-logs/1.26.0-alpha/opentelemetry-sdk-logs-1.26.0-alpha.jar:/Users/Pankaj/.m2/repository/io/opentelemetry/opentelemetry-api-logs/1.26.0-alpha/opentelemetry-api-logs-1.26.0-alpha.jar:/Users/Pankaj/.m2/repository/io/opentelemetry/opentelemetry-api-events/1.26.0-alpha/opentelemetry-api-events-1.26.0-alpha.jar:/Users/Pankaj/.m2/repository/io/opentelemetry/opentelemetry-sdk-common/1.26.0/opentelemetry-sdk-common-1.26.0.jar:/Users/Pankaj/.m2/repository/io/opentelemetry/opentelemetry-sdk-extension-autoconfigure-spi/1.26.0/opentelemetry-sdk-extension-autoconfigure-spi-1.26.0.jar:/Users/Pankaj/.m2/repository/io/opentelemetry/opentelemetry-sdk-extension-autoconfigure/1.26.0-alpha/opentelemetry-sdk-extension-autoconfigure-1.26.0-alpha.jar:/Users/Pankaj/.m2/repository/io/opentelemetry/opentelemetry-sdk-trace/1.26.0/opentelemetry-sdk-trace-1.26.0.jar:/Users/Pankaj/.m2/repository/io/opentelemetry/opentelemetry-sdk/1.26.0/opentelemetry-sdk-1.26.0.jar:/Users/Pankaj/.m2/repository/io/opentelemetry/opentelemetry-semconv/1.26.0-alpha/opentelemetry-semconv-1.26.0-alpha.jar:/Users/Pankaj/.m2/repository/net/bytebuddy/byte-buddy/1.14.4/byte-buddy-1.14.4.jar:/Users/Pankaj/.m2/repository/org/apache/commons/commons-exec/1.3/commons-exec-1.3.jar:/Users/Pankaj/.m2/repository/org/asynchttpclient/async-http-client/2.12.3/async-http-client-2.12.3.jar:/Users/Pankaj/.m2/repository/org/asynchttpclient/async-http-client-netty-utils/2.12.3/async-http-client-netty-utils-2.12.3.jar:/Users/Pankaj/.m2/repository/io/netty/netty-codec-socks/4.1.60.Final/netty-codec-socks-4.1.60.Final.jar:/Users/Pankaj/.m2/repository/io/netty/netty-handler-proxy/4.1.60.Final/netty-handler-proxy-4.1.60.Final.jar:/Users/Pankaj/.m2/repository/io/netty/netty-transport-native-epoll/4.1.60.Final/netty-transport-native-epoll-4.1.60.Final-linux-x86_64.jar:/Users/Pankaj/.m2/repository/io/netty/netty-transport-native-kqueue/4.1.60.Final/netty-transport-native-kqueue-4.1.60.Final-osx-x86_64.jar:/Users/Pankaj/.m2/repository/org/reactivestreams/reactive-streams/1.0.3/reactive-streams-1.0.3.jar:/Users/Pankaj/.m2/repository/com/typesafe/netty/netty-reactive-streams/2.0.4/netty-reactive-streams-2.0.4.jar:/Users/Pankaj/.m2/repository/com/sun/activation/jakarta.activation/1.2.2/jakarta.activation-1.2.2.jar:/Users/Pankaj/.m2/repository/org/seleniumhq/selenium/selenium-safari-driver/4.11.0/selenium-safari-driver-4.11.0.jar:/Users/Pankaj/.m2/repository/org/seleniumhq/selenium/selenium-support/4.11.0/selenium-support-4.11.0.jar:/Users/Pankaj/.m2/repository/io/github/bonigarcia/webdrivermanager/5.7.0/webdrivermanager-5.7.0.jar:/Users/Pankaj/.m2/repository/org/slf4j/slf4j-api/2.0.12/slf4j-api-2.0.12.jar:/Users/Pankaj/.m2/repository/com/google/code/gson/gson/2.10.1/gson-2.10.1.jar:/Users/Pankaj/.m2/repository/com/github/docker-java/docker-java/3.3.5/docker-java-3.3.5.jar:/Users/Pankaj/.m2/repository/com/github/docker-java/docker-java-core/3.3.5/docker-java-core-3.3.5.jar:/Users/Pankaj/.m2/repository/com/github/docker-java/docker-java-api/3.3.5/docker-java-api-3.3.5.jar:/Users/Pankaj/.m2/repository/org/bouncycastle/bcpkix-jdk18on/1.76/bcpkix-jdk18on-1.76.jar:/Users/Pankaj/.m2/repository/org/bouncycastle/bcprov-jdk18on/1.76/bcprov-jdk18on-1.76.jar:/Users/Pankaj/.m2/repository/org/bouncycastle/bcutil-jdk18on/1.76/bcutil-jdk18on-1.76.jar:/Users/Pankaj/.m2/repository/org/slf4j/jcl-over-slf4j/1.7.30/jcl-over-slf4j-1.7.30.jar:/Users/Pankaj/.m2/repository/com/github/docker-java/docker-java-transport-httpclient5/3.3.5/docker-java-transport-httpclient5-3.3.5.jar:/Users/Pankaj/.m2/repository/com/github/docker-java/docker-java-transport/3.3.5/docker-java-transport-3.3.5.jar:/Users/Pankaj/.m2/repository/net/java/dev/jna/jna/5.13.0/jna-5.13.0.jar:/Users/Pankaj/.m2/repository/org/brotli/dec/0.1.2/dec-0.1.2.jar:/Users/Pankaj/.m2/repository/org/apache/commons/commons-lang3/3.14.0/commons-lang3-3.14.0.jar:/Users/Pankaj/.m2/repository/org/apache/commons/commons-compress/1.26.0/commons-compress-1.26.0.jar:/Users/Pankaj/.m2/repository/org/apache/httpcomponents/client5/httpclient5/5.2.1/httpclient5-5.2.1.jar:/Users/Pankaj/.m2/repository/org/apache/httpcomponents/core5/httpcore5/5.2/httpcore5-5.2.jar:/Users/Pankaj/.m2/repository/org/apache/httpcomponents/core5/httpcore5-h2/5.2/httpcore5-h2-5.2.jar:/Users/Pankaj/.m2/repository/org/testng/testng/7.6.1/testng-7.6.1.jar:/Users/Pankaj/.m2/repository/com/google/code/findbugs/jsr305/3.0.2/jsr305-3.0.2.jar:/Users/Pankaj/.m2/repository/com/beust/jcommander/1.82/jcommander-1.82.jar:/Users/Pankaj/.m2/repository/org/webjars/jquery/3.6.0/jquery-3.6.0.jar:/Users/Pankaj/.m2/repository/commons-io/commons-io/2.11.0/commons-io-2.11.0.jar:/Users/Pankaj/.m2/repository/net/masterthought/cucumber-reporting/5.0.2/cucumber-reporting-5.0.2.jar:/Users/Pankaj/.m2/repository/com/fasterxml/jackson/core/jackson-databind/2.10.1/jackson-databind-2.10.1.jar:/Users/Pankaj/.m2/repository/com/fasterxml/jackson/core/jackson-annotations/2.10.1/jackson-annotations-2.10.1.jar:/Users/Pankaj/.m2/repository/com/fasterxml/jackson/core/jackson-core/2.10.1/jackson-core-2.10.1.jar:/Users/Pankaj/.m2/repository/com/fasterxml/jackson/datatype/jackson-datatype-jsr310/2.10.1/jackson-datatype-jsr310-2.10.1.jar:/Users/Pankaj/.m2/repository/org/apache/velocity/velocity-engine-core/2.1/velocity-engine-core-2.1.jar:/Users/Pankaj/.m2/repository/commons-collections/commons-collections/3.2.2/commons-collections-3.2.2.jar:/Users/Pankaj/.m2/repository/joda-time/joda-time/2.10.5/joda-time-2.10.5.jar:/Users/Pankaj/.m2/repository/org/codehaus/plexus/plexus-utils/3.3.0/plexus-utils-3.3.0.jar:/Users/Pankaj/.m2/repository/org/jsoup/jsoup/1.12.1/jsoup-1.12.1.jar:/Users/Pankaj/.m2/repository/com/googlecode/owasp-java-html-sanitizer/owasp-java-html-sanitizer/20191001.1/owasp-java-html-sanitizer-20191001.1.jar:/Users/Pankaj/.m2/repository/commons-configuration/commons-configuration/1.10/commons-configuration-1.10.jar:/Users/Pankaj/.m2/repository/commons-lang/commons-lang/2.6/commons-lang-2.6.jar:/Users/Pankaj/.m2/repository/commons-logging/commons-logging/1.1.1/commons-logging-1.1.1.jar:/Users/Pankaj/.m2/repository/info/cukes/gherkin/2.12.2/gherkin-2.12.2.jar:/Users/Pankaj/.m2/repository/info/cukes/cucumber-testng/1.2.5/cucumber-testng-1.2.5.jar:"/>
    <property name="java.vm.vendor" value="Oracle Corporation"/>
    <property name="sun.arch.data.model" value="64"/>
    <property name="java.vendor.url" value="https://java.oracle.com/"/>
    <property name="user.timezone" value="Asia/Kolkata"/>
    <property name="os.name" value="Mac OS X"/>
    <property name="java.vm.specification.version" value="18"/>
    <property name="sun.java.launcher" value="SUN_STANDARD"/>
    <property name="user.country" value="IN"/>
    <property name="sun.boot.library.path" value="/Library/Java/JavaVirtualMachines/jdk-18.0.2.1.jdk/Contents/Home/lib"/>
    <property name="sun.java.command" value="/Users/Pankaj/xtra/SeleniumWorkspace/Batch2SelCucTestNG_finalProjectImplementation/cucJUnitFrameWork/target/surefire/surefirebooter8517287044595593010.jar /Users/Pankaj/xtra/SeleniumWorkspace/Batch2SelCucTestNG_finalProjectImplementation/cucJUnitFrameWork/target/surefire 2024-04-20T16-52-39_958-jvmRun1 surefire10654303498430294636tmp surefire_02986791852612026164tmp"/>
    <property name="http.nonProxyHosts" value="local|*.local|169.254/16|*.169.254/16"/>
    <property name="jdk.debug" value="release"/>
    <property name="surefire.test.class.path" value="/Users/Pankaj/xtra/SeleniumWorkspace/Batch2SelCucTestNG_finalProjectImplementation/cucJUnitFrameWork/target/test-classes:/Users/Pankaj/xtra/SeleniumWorkspace/Batch2SelCucTestNG_finalProjectImplementation/cucJUnitFrameWork/target/classes:/Users/Pankaj/.m2/repository/junit/junit/4.13.2/junit-4.13.2.jar:/Users/Pankaj/.m2/repository/org/hamcrest/hamcrest-core/1.3/hamcrest-core-1.3.jar:/Users/Pankaj/.m2/repository/io/cucumber/cucumber-java/7.4.1/cucumber-java-7.4.1.jar:/Users/Pankaj/.m2/repository/io/cucumber/cucumber-core/7.4.1/cucumber-core-7.4.1.jar:/Users/Pankaj/.m2/repository/io/cucumber/cucumber-gherkin/7.4.1/cucumber-gherkin-7.4.1.jar:/Users/Pankaj/.m2/repository/io/cucumber/cucumber-gherkin-messages/7.4.1/cucumber-gherkin-messages-7.4.1.jar:/Users/Pankaj/.m2/repository/io/cucumber/gherkin/23.0.1/gherkin-23.0.1.jar:/Users/Pankaj/.m2/repository/io/cucumber/messages/18.0.0/messages-18.0.0.jar:/Users/Pankaj/.m2/repository/io/cucumber/tag-expressions/4.1.0/tag-expressions-4.1.0.jar:/Users/Pankaj/.m2/repository/io/cucumber/cucumber-expressions/16.0.0/cucumber-expressions-16.0.0.jar:/Users/Pankaj/.m2/repository/io/cucumber/datatable/7.4.1/datatable-7.4.1.jar:/Users/Pankaj/.m2/repository/io/cucumber/cucumber-plugin/7.4.1/cucumber-plugin-7.4.1.jar:/Users/Pankaj/.m2/repository/io/cucumber/docstring/7.4.1/docstring-7.4.1.jar:/Users/Pankaj/.m2/repository/io/cucumber/html-formatter/19.2.0/html-formatter-19.2.0.jar:/Users/Pankaj/.m2/repository/io/cucumber/ci-environment/9.0.4/ci-environment-9.0.4.jar:/Users/Pankaj/.m2/repository/org/apiguardian/apiguardian-api/1.1.2/apiguardian-api-1.1.2.jar:/Users/Pankaj/.m2/repository/info/cukes/cucumber-java/1.2.5/cucumber-java-1.2.5.jar:/Users/Pankaj/.m2/repository/info/cukes/cucumber-core/1.2.5/cucumber-core-1.2.5.jar:/Users/Pankaj/.m2/repository/info/cukes/cucumber-html/0.2.3/cucumber-html-0.2.3.jar:/Users/Pankaj/.m2/repository/info/cukes/cucumber-jvm-deps/1.0.5/cucumber-jvm-deps-1.0.5.jar:/Users/Pankaj/.m2/repository/io/cucumber/cucumber-junit/7.4.1/cucumber-junit-7.4.1.jar:/Users/Pankaj/.m2/repository/io/cucumber/cucumber-picocontainer/7.4.1/cucumber-picocontainer-7.4.1.jar:/Users/Pankaj/.m2/repository/org/picocontainer/picocontainer/2.15/picocontainer-2.15.jar:/Users/Pankaj/.m2/repository/org/seleniumhq/selenium/selenium-java/4.11.0/selenium-java-4.11.0.jar:/Users/Pankaj/.m2/repository/org/seleniumhq/selenium/selenium-api/4.11.0/selenium-api-4.11.0.jar:/Users/Pankaj/.m2/repository/org/seleniumhq/selenium/selenium-chrome-driver/4.11.0/selenium-chrome-driver-4.11.0.jar:/Users/Pankaj/.m2/repository/com/google/auto/service/auto-service-annotations/1.0.1/auto-service-annotations-1.0.1.jar:/Users/Pankaj/.m2/repository/com/google/guava/guava/31.1-jre/guava-31.1-jre.jar:/Users/Pankaj/.m2/repository/com/google/guava/failureaccess/1.0.1/failureaccess-1.0.1.jar:/Users/Pankaj/.m2/repository/com/google/guava/listenablefuture/9999.0-empty-to-avoid-conflict-with-guava/listenablefuture-9999.0-empty-to-avoid-conflict-with-guava.jar:/Users/Pankaj/.m2/repository/org/checkerframework/checker-qual/3.12.0/checker-qual-3.12.0.jar:/Users/Pankaj/.m2/repository/com/google/errorprone/error_prone_annotations/2.11.0/error_prone_annotations-2.11.0.jar:/Users/Pankaj/.m2/repository/com/google/j2objc/j2objc-annotations/1.3/j2objc-annotations-1.3.jar:/Users/Pankaj/.m2/repository/org/seleniumhq/selenium/selenium-chromium-driver/4.11.0/selenium-chromium-driver-4.11.0.jar:/Users/Pankaj/.m2/repository/org/seleniumhq/selenium/selenium-json/4.11.0/selenium-json-4.11.0.jar:/Users/Pankaj/.m2/repository/org/seleniumhq/selenium/selenium-manager/4.11.0/selenium-manager-4.11.0.jar:/Users/Pankaj/.m2/repository/org/seleniumhq/selenium/selenium-devtools-v113/4.11.0/selenium-devtools-v113-4.11.0.jar:/Users/Pankaj/.m2/repository/org/seleniumhq/selenium/selenium-devtools-v114/4.11.0/selenium-devtools-v114-4.11.0.jar:/Users/Pankaj/.m2/repository/org/seleniumhq/selenium/selenium-devtools-v115/4.11.0/selenium-devtools-v115-4.11.0.jar:/Users/Pankaj/.m2/repository/org/seleniumhq/selenium/selenium-devtools-v85/4.11.0/selenium-devtools-v85-4.11.0.jar:/Users/Pankaj/.m2/repository/org/seleniumhq/selenium/selenium-edge-driver/4.11.0/selenium-edge-driver-4.11.0.jar:/Users/Pankaj/.m2/repository/org/seleniumhq/selenium/selenium-firefox-driver/4.11.0/selenium-firefox-driver-4.11.0.jar:/Users/Pankaj/.m2/repository/org/seleniumhq/selenium/selenium-http/4.11.0/selenium-http-4.11.0.jar:/Users/Pankaj/.m2/repository/dev/failsafe/failsafe/3.3.1/failsafe-3.3.1.jar:/Users/Pankaj/.m2/repository/org/seleniumhq/selenium/selenium-ie-driver/4.11.0/selenium-ie-driver-4.11.0.jar:/Users/Pankaj/.m2/repository/org/seleniumhq/selenium/selenium-remote-driver/4.11.0/selenium-remote-driver-4.11.0.jar:/Users/Pankaj/.m2/repository/io/netty/netty-buffer/4.1.92.Final/netty-buffer-4.1.92.Final.jar:/Users/Pankaj/.m2/repository/io/netty/netty-codec-http/4.1.92.Final/netty-codec-http-4.1.92.Final.jar:/Users/Pankaj/.m2/repository/io/netty/netty-codec/4.1.92.Final/netty-codec-4.1.92.Final.jar:/Users/Pankaj/.m2/repository/io/netty/netty-handler/4.1.92.Final/netty-handler-4.1.92.Final.jar:/Users/Pankaj/.m2/repository/io/netty/netty-common/4.1.92.Final/netty-common-4.1.92.Final.jar:/Users/Pankaj/.m2/repository/io/netty/netty-transport-classes-epoll/4.1.92.Final/netty-transport-classes-epoll-4.1.92.Final.jar:/Users/Pankaj/.m2/repository/io/netty/netty-transport-classes-kqueue/4.1.92.Final/netty-transport-classes-kqueue-4.1.92.Final.jar:/Users/Pankaj/.m2/repository/io/netty/netty-transport-native-epoll/4.1.92.Final/netty-transport-native-epoll-4.1.92.Final.jar:/Users/Pankaj/.m2/repository/io/netty/netty-transport-native-kqueue/4.1.92.Final/netty-transport-native-kqueue-4.1.92.Final.jar:/Users/Pankaj/.m2/repository/io/netty/netty-transport-native-unix-common/4.1.92.Final/netty-transport-native-unix-common-4.1.92.Final.jar:/Users/Pankaj/.m2/repository/io/netty/netty-transport/4.1.92.Final/netty-transport-4.1.92.Final.jar:/Users/Pankaj/.m2/repository/io/netty/netty-resolver/4.1.92.Final/netty-resolver-4.1.92.Final.jar:/Users/Pankaj/.m2/repository/io/opentelemetry/opentelemetry-api/1.26.0/opentelemetry-api-1.26.0.jar:/Users/Pankaj/.m2/repository/io/opentelemetry/opentelemetry-context/1.26.0/opentelemetry-context-1.26.0.jar:/Users/Pankaj/.m2/repository/io/opentelemetry/opentelemetry-exporter-logging/1.26.0/opentelemetry-exporter-logging-1.26.0.jar:/Users/Pankaj/.m2/repository/io/opentelemetry/opentelemetry-sdk-metrics/1.26.0/opentelemetry-sdk-metrics-1.26.0.jar:/Users/Pankaj/.m2/repository/io/opentelemetry/opentelemetry-extension-incubator/1.26.0-alpha/opentelemetry-extension-incubator-1.26.0-alpha.jar:/Users/Pankaj/.m2/repository/io/opentelemetry/opentelemetry-sdk-logs/1.26.0-alpha/opentelemetry-sdk-logs-1.26.0-alpha.jar:/Users/Pankaj/.m2/repository/io/opentelemetry/opentelemetry-api-logs/1.26.0-alpha/opentelemetry-api-logs-1.26.0-alpha.jar:/Users/Pankaj/.m2/repository/io/opentelemetry/opentelemetry-api-events/1.26.0-alpha/opentelemetry-api-events-1.26.0-alpha.jar:/Users/Pankaj/.m2/repository/io/opentelemetry/opentelemetry-sdk-common/1.26.0/opentelemetry-sdk-common-1.26.0.jar:/Users/Pankaj/.m2/repository/io/opentelemetry/opentelemetry-sdk-extension-autoconfigure-spi/1.26.0/opentelemetry-sdk-extension-autoconfigure-spi-1.26.0.jar:/Users/Pankaj/.m2/repository/io/opentelemetry/opentelemetry-sdk-extension-autoconfigure/1.26.0-alpha/opentelemetry-sdk-extension-autoconfigure-1.26.0-alpha.jar:/Users/Pankaj/.m2/repository/io/opentelemetry/opentelemetry-sdk-trace/1.26.0/opentelemetry-sdk-trace-1.26.0.jar:/Users/Pankaj/.m2/repository/io/opentelemetry/opentelemetry-sdk/1.26.0/opentelemetry-sdk-1.26.0.jar:/Users/Pankaj/.m2/repository/io/opentelemetry/opentelemetry-semconv/1.26.0-alpha/opentelemetry-semconv-1.26.0-alpha.jar:/Users/Pankaj/.m2/repository/net/bytebuddy/byte-buddy/1.14.4/byte-buddy-1.14.4.jar:/Users/Pankaj/.m2/repository/org/apache/commons/commons-exec/1.3/commons-exec-1.3.jar:/Users/Pankaj/.m2/repository/org/asynchttpclient/async-http-client/2.12.3/async-http-client-2.12.3.jar:/Users/Pankaj/.m2/repository/org/asynchttpclient/async-http-client-netty-utils/2.12.3/async-http-client-netty-utils-2.12.3.jar:/Users/Pankaj/.m2/repository/io/netty/netty-codec-socks/4.1.60.Final/netty-codec-socks-4.1.60.Final.jar:/Users/Pankaj/.m2/repository/io/netty/netty-handler-proxy/4.1.60.Final/netty-handler-proxy-4.1.60.Final.jar:/Users/Pankaj/.m2/repository/io/netty/netty-transport-native-epoll/4.1.60.Final/netty-transport-native-epoll-4.1.60.Final-linux-x86_64.jar:/Users/Pankaj/.m2/repository/io/netty/netty-transport-native-kqueue/4.1.60.Final/netty-transport-native-kqueue-4.1.60.Final-osx-x86_64.jar:/Users/Pankaj/.m2/repository/org/reactivestreams/reactive-streams/1.0.3/reactive-streams-1.0.3.jar:/Users/Pankaj/.m2/repository/com/typesafe/netty/netty-reactive-streams/2.0.4/netty-reactive-streams-2.0.4.jar:/Users/Pankaj/.m2/repository/com/sun/activation/jakarta.activation/1.2.2/jakarta.activation-1.2.2.jar:/Users/Pankaj/.m2/repository/org/seleniumhq/selenium/selenium-safari-driver/4.11.0/selenium-safari-driver-4.11.0.jar:/Users/Pankaj/.m2/repository/org/seleniumhq/selenium/selenium-support/4.11.0/selenium-support-4.11.0.jar:/Users/Pankaj/.m2/repository/io/github/bonigarcia/webdrivermanager/5.7.0/webdrivermanager-5.7.0.jar:/Users/Pankaj/.m2/repository/org/slf4j/slf4j-api/2.0.12/slf4j-api-2.0.12.jar:/Users/Pankaj/.m2/repository/com/google/code/gson/gson/2.10.1/gson-2.10.1.jar:/Users/Pankaj/.m2/repository/com/github/docker-java/docker-java/3.3.5/docker-java-3.3.5.jar:/Users/Pankaj/.m2/repository/com/github/docker-java/docker-java-core/3.3.5/docker-java-core-3.3.5.jar:/Users/Pankaj/.m2/repository/com/github/docker-java/docker-java-api/3.3.5/docker-java-api-3.3.5.jar:/Users/Pankaj/.m2/repository/org/bouncycastle/bcpkix-jdk18on/1.76/bcpkix-jdk18on-1.76.jar:/Users/Pankaj/.m2/repository/org/bouncycastle/bcprov-jdk18on/1.76/bcprov-jdk18on-1.76.jar:/Users/Pankaj/.m2/repository/org/bouncycastle/bcutil-jdk18on/1.76/bcutil-jdk18on-1.76.jar:/Users/Pankaj/.m2/repository/org/slf4j/jcl-over-slf4j/1.7.30/jcl-over-slf4j-1.7.30.jar:/Users/Pankaj/.m2/repository/com/github/docker-java/docker-java-transport-httpclient5/3.3.5/docker-java-transport-httpclient5-3.3.5.jar:/Users/Pankaj/.m2/repository/com/github/docker-java/docker-java-transport/3.3.5/docker-java-transport-3.3.5.jar:/Users/Pankaj/.m2/repository/net/java/dev/jna/jna/5.13.0/jna-5.13.0.jar:/Users/Pankaj/.m2/repository/org/brotli/dec/0.1.2/dec-0.1.2.jar:/Users/Pankaj/.m2/repository/org/apache/commons/commons-lang3/3.14.0/commons-lang3-3.14.0.jar:/Users/Pankaj/.m2/repository/org/apache/commons/commons-compress/1.26.0/commons-compress-1.26.0.jar:/Users/Pankaj/.m2/repository/org/apache/httpcomponents/client5/httpclient5/5.2.1/httpclient5-5.2.1.jar:/Users/Pankaj/.m2/repository/org/apache/httpcomponents/core5/httpcore5/5.2/httpcore5-5.2.jar:/Users/Pankaj/.m2/repository/org/apache/httpcomponents/core5/httpcore5-h2/5.2/httpcore5-h2-5.2.jar:/Users/Pankaj/.m2/repository/org/testng/testng/7.6.1/testng-7.6.1.jar:/Users/Pankaj/.m2/repository/com/google/code/findbugs/jsr305/3.0.2/jsr305-3.0.2.jar:/Users/Pankaj/.m2/repository/com/beust/jcommander/1.82/jcommander-1.82.jar:/Users/Pankaj/.m2/repository/org/webjars/jquery/3.6.0/jquery-3.6.0.jar:/Users/Pankaj/.m2/repository/commons-io/commons-io/2.11.0/commons-io-2.11.0.jar:/Users/Pankaj/.m2/repository/net/masterthought/cucumber-reporting/5.0.2/cucumber-reporting-5.0.2.jar:/Users/Pankaj/.m2/repository/com/fasterxml/jackson/core/jackson-databind/2.10.1/jackson-databind-2.10.1.jar:/Users/Pankaj/.m2/repository/com/fasterxml/jackson/core/jackson-annotations/2.10.1/jackson-annotations-2.10.1.jar:/Users/Pankaj/.m2/repository/com/fasterxml/jackson/core/jackson-core/2.10.1/jackson-core-2.10.1.jar:/Users/Pankaj/.m2/repository/com/fasterxml/jackson/datatype/jackson-datatype-jsr310/2.10.1/jackson-datatype-jsr310-2.10.1.jar:/Users/Pankaj/.m2/repository/org/apache/velocity/velocity-engine-core/2.1/velocity-engine-core-2.1.jar:/Users/Pankaj/.m2/repository/commons-collections/commons-collections/3.2.2/commons-collections-3.2.2.jar:/Users/Pankaj/.m2/repository/joda-time/joda-time/2.10.5/joda-time-2.10.5.jar:/Users/Pankaj/.m2/repository/org/codehaus/plexus/plexus-utils/3.3.0/plexus-utils-3.3.0.jar:/Users/Pankaj/.m2/repository/org/jsoup/jsoup/1.12.1/jsoup-1.12.1.jar:/Users/Pankaj/.m2/repository/com/googlecode/owasp-java-html-sanitizer/owasp-java-html-sanitizer/20191001.1/owasp-java-html-sanitizer-20191001.1.jar:/Users/Pankaj/.m2/repository/commons-configuration/commons-configuration/1.10/commons-configuration-1.10.jar:/Users/Pankaj/.m2/repository/commons-lang/commons-lang/2.6/commons-lang-2.6.jar:/Users/Pankaj/.m2/repository/commons-logging/commons-logging/1.1.1/commons-logging-1.1.1.jar:/Users/Pankaj/.m2/repository/info/cukes/gherkin/2.12.2/gherkin-2.12.2.jar:/Users/Pankaj/.m2/repository/info/cukes/cucumber-testng/1.2.5/cucumber-testng-1.2.5.jar:"/>
    <property name="sun.cpu.endian" value="little"/>
    <property name="user.home" value="/Users/Pankaj"/>
    <property name="user.language" value="en"/>
    <property name="java.specification.vendor" value="Oracle Corporation"/>
    <property name="java.version.date" value="2022-08-18"/>
    <property name="java.home" value="/Library/Java/JavaVirtualMachines/jdk-18.0.2.1.jdk/Contents/Home"/>
    <property name="file.separator" value="/"/>
    <property name="basedir" value="/Users/Pankaj/xtra/SeleniumWorkspace/Batch2SelCucTestNG_finalProjectImplementation/cucJUnitFrameWork"/>
    <property name="java.vm.compressedOopsMode" value="Zero based"/>
    <property name="line.separator" value="&#10;"/>
    <property name="java.vm.specification.vendor" value="Oracle Corporation"/>
    <property name="java.specification.name" value="Java Platform API Specification"/>
    <property name="apple.awt.application.name" value="ForkedBooter"/>
    <property name="surefire.real.class.path" value="/Users/Pankaj/xtra/SeleniumWorkspace/Batch2SelCucTestNG_finalProjectImplementation/cucJUnitFrameWork/target/surefire/surefirebooter8517287044595593010.jar"/>
    <property name="sun.management.compiler" value="HotSpot 64-Bit Tiered Compilers"/>
    <property name="ftp.nonProxyHosts" value="local|*.local|169.254/16|*.169.254/16"/>
    <property name="java.runtime.version" value="18.0.2.1+1-1"/>
    <property name="user.name" value="Pankaj"/>
    <property name="path.separator" value=":"/>
    <property name="os.version" value="11.6.5"/>
    <property name="java.runtime.name" value="Java(TM) SE Runtime Environment"/>
    <property name="file.encoding" value="UTF-8"/>
    <property name="java.vm.name" value="Java HotSpot(TM) 64-Bit Server VM"/>
    <property name="localRepository" value="/Users/Pankaj/.m2/repository"/>
    <property name="java.vendor.url.bug" value="https://bugreport.java.com/bugreport/"/>
    <property name="java.io.tmpdir" value="/var/folders/tv/ys9fvp5575vfwfl7x3t3_z9m0000gn/T/"/>
    <property name="java.version" value="18.0.2.1"/>
    <property name="user.dir" value="/Users/Pankaj/xtra/SeleniumWorkspace/Batch2SelCucTestNG_finalProjectImplementation/cucJUnitFrameWork"/>
    <property name="os.arch" value="x86_64"/>
    <property name="java.vm.specification.name" value="Java Virtual Machine Specification"/>
    <property name="native.encoding" value="UTF-8"/>
    <property name="java.library.path" value="/Users/Pankaj/Library/Java/Extensions:/Library/Java/Extensions:/Network/Library/Java/Extensions:/System/Library/Java/Extensions:/usr/lib/java:."/>
    <property name="java.vm.info" value="mixed mode, sharing"/>
    <property name="java.vendor" value="Oracle Corporation"/>
    <property name="java.vm.version" value="18.0.2.1+1-1"/>
    <property name="sun.io.unicode.encoding" value="UnicodeBig"/>
    <property name="socksNonProxyHosts" value="local|*.local|169.254/16|*.169.254/16"/>
    <property name="java.class.version" value="62.0"/>
  </properties>
</testsuite>