<?xml version="1.0" encoding="UTF-8"?>
<!-- Generated by org.testng.reporters.JUnitReportReporter -->
<testsuite hostname="Pankajs-MacBook-Air.local" failures="0" tests="1" name="runner.Runner" time="27.988" errors="0" timestamp="2022-09-08T16:13:59 IST" skipped="0">
  <testcase classname="runner.Runner" name="feature" time="27.988"/>
  <system-out/>
</testsuite> <!-- runner.Runner -->
