<?xml version="1.0" encoding="UTF-8"?>
<!-- Generated by org.testng.reporters.JUnitReportReporter -->
<testsuite hostname="Pankajs-MacBook-Air.local" failures="0" tests="1" name="trial.BrowserLaunch" time="18.228" errors="0" timestamp="2024-04-18T15:02:41 IST" skipped="0">
  <testcase classname="trial.BrowserLaunch" name="launchBrowser" time="18.228"/>
  <system-out/>
</testsuite> <!-- trial.BrowserLaunch -->
